0 info it worked if it ends with ok
1 verbose cli [ 'node',
1 verbose cli   '/Users/tobytravis/.nvm/v0.10.33/bin/npm',
1 verbose cli   'update',
1 verbose cli   '-g',
1 verbose cli   'bower' ]
2 info using npm@2.1.11
3 info using node@v0.10.33
4 silly mapToRegistry name bower
5 silly mapToRegistry using default registry
6 silly mapToRegistry registry https://registry.npmjs.org/
7 silly mapToRegistry uri https://registry.npmjs.org/bower
8 verbose request uri https://registry.npmjs.org/bower
9 verbose request no auth needed
10 info attempt registry request try #1 at 21:17:25
11 verbose request id 987a315456c198ba
12 verbose etag "4RNWC51OOMVEKH3L663N286TF"
13 http request GET https://registry.npmjs.org/bower
14 http 200 https://registry.npmjs.org/bower
15 silly get cb [ 200,
15 silly get   { server: 'CouchDB/1.5.0 (Erlang OTP/R16B03)',
15 silly get     etag: '"AAO6T055NQ700CZJYO7KWWFW"',
15 silly get     'content-type': 'application/json',
15 silly get     'cache-control': 'max-age=60',
15 silly get     'content-length': '112565',
15 silly get     'accept-ranges': 'bytes',
15 silly get     date: 'Mon, 06 Jul 2015 20:16:37 GMT',
15 silly get     via: '1.1 varnish',
15 silly get     age: '48',
15 silly get     connection: 'keep-alive',
15 silly get     'x-served-by': 'cache-ams4142-AMS',
15 silly get     'x-cache': 'HIT',
15 silly get     'x-cache-hits': '1',
15 silly get     'x-timer': 'S1436213797.412763,VS0,VE1',
15 silly get     vary: 'Accept' } ]
16 info outdated updating [ [ '/Users/tobytravis/.nvm/v0.10.33/lib',
16 info outdated     'bower',
16 info outdated     '1.3.12',
16 info outdated     '1.4.1',
16 info outdated     '1.4.1',
16 info outdated     'latest' ] ]
17 verbose stack Error: EMFILE, readdir '/Users/tobytravis/.nvm/v0.10.33/lib/node_modules/generator-gulp-ng/node_modules/yeoman-generator/node_modules/glob/node_modules/inherits'
18 verbose cwd /Users/tobytravis/Sites/prints/src
19 error Darwin 13.4.0
20 error argv "node" "/Users/tobytravis/.nvm/v0.10.33/bin/npm" "update" "-g" "bower"
21 error node v0.10.33
22 error npm  v2.1.11
23 error path /Users/tobytravis/.nvm/v0.10.33/lib/node_modules/generator-gulp-ng/node_modules/yeoman-generator/node_modules/glob/node_modules/inherits
24 error code EMFILE
25 error errno 20
26 error EMFILE, readdir '/Users/tobytravis/.nvm/v0.10.33/lib/node_modules/generator-gulp-ng/node_modules/yeoman-generator/node_modules/glob/node_modules/inherits'
27 error If you need help, you may report this error at:
27 error     <http://github.com/npm/npm/issues>
28 verbose exit [ 20, true ]
